2026-02-03 18:59:08,632 - openevolve.controller - INFO - Logging to alpha_evolve/openevolve_output/logs/openevolve_20260203_185908.log
2026-02-03 18:59:08,632 - openevolve.controller - INFO - Set random seed to 42 for reproducibility
2026-02-03 18:59:08,648 - openevolve.llm.openai - INFO - Initialized OpenAI LLM with model: deepseek-chat
2026-02-03 18:59:08,663 - openevolve.llm.ensemble - INFO - Initialized LLM ensemble with models: deepseek-chat (weight: 0.80), deepseek-chat (weight: 0.20)
2026-02-03 18:59:08,695 - openevolve.llm.ensemble - INFO - Initialized LLM ensemble with models: deepseek-chat (weight: 0.80), deepseek-chat (weight: 0.20)
2026-02-03 18:59:08,698 - openevolve.prompt.sampler - INFO - Initialized prompt sampler
2026-02-03 18:59:08,699 - openevolve.prompt.sampler - INFO - Set custom templates: system=evaluator_system_message, user=None
2026-02-03 18:59:08,699 - openevolve.database - INFO - Initialized program database with 0 programs
2026-02-03 18:59:08,770 - openevolve.evaluator - INFO - Successfully loaded evaluation function from alpha_evolve/evaluator.py
2026-02-03 18:59:08,770 - openevolve.evaluator - INFO - Initialized evaluator with alpha_evolve/evaluator.py
2026-02-03 18:59:08,771 - openevolve.controller - INFO - Initialized OpenEvolve with alpha_evolve/initial_program.py
2026-02-03 18:59:08,771 - openevolve.controller - INFO - Adding initial program to database
2026-02-03 18:59:09,298 - httpx - INFO - HTTP Request: POST https://api.deepseek.com/v1/chat/completions "HTTP/1.1 200 OK"
2026-02-03 18:59:19,921 - httpx - INFO - HTTP Request: POST https://api.deepseek.com/v1/chat/completions "HTTP/1.1 200 OK"
2026-02-03 18:59:33,935 - httpx - INFO - HTTP Request: POST https://api.deepseek.com/v1/chat/completions "HTTP/1.1 200 OK"
2026-02-03 19:00:39,513 - openevolve.evaluator - INFO - Evaluated program 56021902-ad97-42e0-b37d-799442f5dbad in 90.74s: combined_score=0.0767, metrics={'converged': True, 'iters': 13, 'combined_score': 0.07665244068848408}, artifacts={'status': 'CONVERGED', 'iterations': 13, 'eval_time': '90.736s'}, formal_certification=Lean4_Auto_Proven
2026-02-03 19:00:39,514 - openevolve.database - INFO - New MAP-Elites cell occupied in island 0: {'complexity': 5, 'diversity': 0}
2026-02-03 19:00:39,520 - openevolve.process_parallel - INFO - Initialized process parallel controller with 2 workers
2026-02-03 19:00:39,521 - openevolve.process_parallel - INFO - Set max None tasks per child
2026-02-03 19:00:39,521 - openevolve.process_parallel - INFO - Started process pool with 2 processes
2026-02-03 19:00:39,521 - openevolve.controller - INFO - Using island-based evolution with 4 islands
2026-02-03 19:00:39,521 - openevolve.database - INFO - Island Status:
2026-02-03 19:00:39,521 - openevolve.database - INFO -  * Island 0: 1 programs, best=0.0767, avg=0.0767, diversity=0.00, gen=0 (best: 56021902-ad97-42e0-b37d-799442f5dbad)
2026-02-03 19:00:39,521 - openevolve.database - INFO -    Island 1: 0 programs, best=0.0000, avg=0.0000, diversity=0.00, gen=0
2026-02-03 19:00:39,521 - openevolve.database - INFO -    Island 2: 0 programs, best=0.0000, avg=0.0000, diversity=0.00, gen=0
2026-02-03 19:00:39,521 - openevolve.database - INFO -    Island 3: 0 programs, best=0.0000, avg=0.0000, diversity=0.00, gen=0
2026-02-03 19:00:39,521 - openevolve.process_parallel - INFO - Starting process-based evolution from iteration 1 for 10 iterations (total: 11)
2026-02-03 19:00:39,527 - openevolve.process_parallel - INFO - Early stopping disabled
2026-02-03 19:03:08,125 - openevolve.database - INFO - New MAP-Elites cell occupied in island 0: {'complexity': 9, 'diversity': 5}
2026-02-03 19:03:08,126 - openevolve.process_parallel - INFO - Iteration 1: Program 7306521f-452c-496c-8c47-ed523a1eae17 (parent: 56021902-ad97-42e0-b37d-799442f5dbad) completed in 147.89s
2026-02-03 19:03:08,126 - openevolve.process_parallel - INFO - Metrics: combined_score=0.0000, metrics={'converged': False, 'iters': inf, 'combined_score': 0.0, 'formal_valid': False}, artifacts={'lean_file': '/Users/huayun/pythonProject/lean_admm/adaptive_admm/Optlib/Algorithm/AdaptiveADMM/Strategies/generated_prove_b808824f.lean', 'stdout': "Optlib/Algorithm/AdaptiveADMM/Strategies/generated_prove_b808824f.lean:104:24: error: Type mismatch\n  h_update_equiv tau mu eps r_norm_seq s_norm_seq h_dir'\nhas type\n  ∀ (n : ℕ) (rho : ℝ),\n    0 < rho →\n      update_fun tau mu eps r_norm_seq s_norm_seq n rho =\n          rho * (1 + tau n * imbalance_factor mu eps r_norm_seq s_norm_seq n) ∨\n        update_fun tau mu eps r_norm_seq s_norm_seq n rho =\n            rho / (1 + tau n * imbalance_factor mu eps r_norm_seq s_norm_seq n) ∨\n          update_fun tau mu eps r_norm_seq s_norm_seq n rho = rho\nbut is expected to have type\n  ∀ (n : ℕ) (rho : ℝ),\n    0 < rho →\n      update_fun tau mu eps r_norm_seq s_norm_seq n rho = rho * (1 + tau n) ∨\n        update_fun tau mu eps r_norm_seq s_norm_seq n rho = rho / (1 + tau n) ∨\n          update_fun tau mu eps r_norm_seq s_norm_seq n rho = rho\n", 'stderr': "warning: manifest out of date: git revision of dependency 'mathlib' changed; use `lake update mathlib` to update it\n", 'eval_time': 113.65621399879456}
2026-02-03 19:03:08,126 - openevolve.process_parallel - INFO - Iteration 2: Program 2b670d1b-92f7-4e2a-9a6f-fd6eb03b58d8 (parent: 56021902-ad97-42e0-b37d-799442f5dbad) completed in 147.88s
2026-02-03 19:03:08,126 - openevolve.process_parallel - INFO - Metrics: combined_score=0.0000, metrics={'converged': False, 'iters': inf, 'combined_score': 0.0, 'formal_valid': False}, artifacts={'lean_file': '/Users/huayun/pythonProject/lean_admm/adaptive_admm/Optlib/Algorithm/AdaptiveADMM/Strategies/generated_prove_4b52db7a.lean', 'stdout': "Optlib/Algorithm/AdaptiveADMM/Strategies/generated_prove_4b52db7a.lean:104:24: error: Type mismatch\n  h_update_equiv c p mu eps r_norm_seq s_norm_seq dir h_dir'\nhas type\n  ∀ (n : ℕ) (rho : ℝ),\n    0 < rho →\n      update_fun c p mu eps r_norm_seq s_norm_seq dir n rho = rho * F_seq c p mu eps r_norm_seq s_norm_seq n ∨\n        update_fun c p mu eps r_norm_seq s_norm_seq dir n rho = rho / F_seq c p mu eps r_norm_seq s_norm_seq n ∨\n          update_fun c p mu eps r_norm_seq s_norm_seq dir n rho = rho\nbut is expected to have type\n  ∀ (n : ℕ) (rho : ℝ),\n    0 < rho →\n      update_fun c p mu eps r_norm_seq s_norm_seq dir n rho = rho * (1 + tau n) ∨\n        update_fun c p mu eps r_norm_seq s_norm_seq dir n rho = rho / (1 + tau n) ∨\n          update_fun c p mu eps r_norm_seq s_norm_seq dir n rho = rho\n", 'stderr': "warning: manifest out of date: git revision of dependency 'mathlib' changed; use `lake update mathlib` to update it\n", 'eval_time': 103.87102818489075}
2026-02-03 19:05:19,073 - openevolve.database - INFO - New MAP-Elites cell occupied in island 0: {'complexity': 9, 'diversity': 1}
2026-02-03 19:05:19,074 - openevolve.process_parallel - INFO - Iteration 4: Program f3f84e4f-d0ab-4b7c-949b-2618c980fea4 (parent: 56021902-ad97-42e0-b37d-799442f5dbad) completed in 130.94s
2026-02-03 19:05:19,074 - openevolve.process_parallel - INFO - Metrics: combined_score=0.0000, metrics={'converged': False, 'iters': inf, 'combined_score': 0.0, 'formal_valid': False}, artifacts={'lean_file': '/Users/huayun/pythonProject/lean_admm/adaptive_admm/Optlib/Algorithm/AdaptiveADMM/Strategies/generated_prove_28d70a95.lean', 'stdout': "Optlib/Algorithm/AdaptiveADMM/Strategies/generated_prove_28d70a95.lean:21:2: error: Type mismatch\n  p_series_summable_template c p hp\nhas type\n  Summable fun n => c / (↑n + 1).rpow p\nbut is expected to have type\n  Summable (tau_seq c p)\nOptlib/Algorithm/AdaptiveADMM/Strategies/generated_prove_28d70a95.lean:46:7: error(lean.unknownIdentifier): Unknown identifier `r_norm_seq`\nOptlib/Algorithm/AdaptiveADMM/Strategies/generated_prove_28d70a95.lean:46:22: error(lean.unknownIdentifier): Unknown identifier `s_norm_seq`\nOptlib/Algorithm/AdaptiveADMM/Strategies/generated_prove_28d70a95.lean:48:12: error(lean.unknownIdentifier): Unknown identifier `s_norm_seq`\nOptlib/Algorithm/AdaptiveADMM/Strategies/generated_prove_28d70a95.lean:48:27: error(lean.unknownIdentifier): Unknown identifier `r_norm_seq`\nOptlib/Algorithm/AdaptiveADMM/Strategies/generated_prove_28d70a95.lean:65:2: error: unsolved goals\ncase inl.h\ntau : ℕ → ℝ\ndir : ℕ → ℤ\nh_dir : ∀ (n : ℕ), dir n = 1 ∨ dir n = 0 ∨ dir n = -1\nn : ℕ\nrho : ℝ\nhρ_pos : 0 < rho\nh : dir n = 1\n⊢ sorry tau dir n rho = rho * (1 + tau n)\nOptlib/Algorithm/AdaptiveADMM/Strategies/generated_prove_28d70a95.lean:66:18: error(lean.unknownIdentifier): Unknown identifier `r_norm_seq`\nOptlib/Algorithm/AdaptiveADMM/Strategies/generated_prove_28d70a95.lean:66:33: error(lean.unknownIdentifier): Unknown identifier `s_norm_seq`\nOptlib/Algorithm/AdaptiveADMM/Strategies/generated_prove_28d70a95.lean:71:2: error: unsolved goals\ncase inr.inr.h.h\ntau : ℕ → ℝ\ndir : ℕ → ℤ\nh_dir : ∀ (n : ℕ), dir n = 1 ∨ dir n = 0 ∨ dir n = -1\nn : ℕ\nrho : ℝ\nhρ_pos : 0 < rho\nh : dir n = -1\n⊢ sorry tau dir n rho = rho / (1 + tau n)\nOptlib/Algorithm/AdaptiveADMM/Strategies/generated_prove_28d70a95.lean:65:16: warning: declaration uses 'sorry'\nOptlib/Algorithm/AdaptiveADMM/Strategies/generated_prove_28d70a95.lean:65:28: warning: This simp argument is unused:\n  h\n\nHint: Omit it from the simp argument list.\n  simp [update_fun,̵ ̵h̵]\n\nNote: This linter can be disabled with `set_option linter.unusedSimpArgs false`\nOptlib/Algorithm/AdaptiveADMM/Strategies/generated_prove_28d70a95.lean:71:35: warning: This simp argument is unused:\n  h\n\nHint: Omit it from the simp argument list.\n  simp [update_fun,̵ ̵h̵]\n\nNote: This linter can be disabled with `set_option linter.unusedSimpArgs false`\nOptlib/Algorithm/AdaptiveADMM/Strategies/generated_prove_28d70a95.lean:98:24: error: Type mismatch\n  h_update_equiv tau dir h_dir'\nhas type\n  ∀ (n : ℕ) (rho : ℝ),\n    0 < rho →\n      update_fun tau dir n rho = rho * (1 + tau n) ∨\n        update_fun tau dir n rho = rho / (1 + tau n) ∨\n          update_fun tau dir n rho = rho * (1 + tau n / 10) ∨\n            update_fun tau dir n rho = rho / (1 + tau n / 10) ∨ update_fun tau dir n rho = rho\nbut is expected to have type\n  ∀ (n : ℕ) (rho : ℝ),\n    0 < rho →\n      update_fun tau dir n rho = rho * (1 + tau n) ∨\n        update_fun tau dir n rho = rho / (1 + tau n) ∨ update_fun tau dir n rho = rho\n", 'stderr': "warning: manifest out of date: git revision of dependency 'mathlib' changed; use `lake update mathlib` to update it\n", 'eval_time': 95.74790000915527}
2026-02-03 19:05:19,142 - openevolve.database - INFO - New MAP-Elites cell occupied in island 0: {'complexity': 3, 'diversity': 0}
2026-02-03 19:05:19,142 - openevolve.process_parallel - INFO - Iteration 3: Program 4305385c-9826-4b58-aca4-b7a29038b8c4 (parent: 56021902-ad97-42e0-b37d-799442f5dbad) completed in 131.02s
2026-02-03 19:05:19,142 - openevolve.process_parallel - INFO - Metrics: combined_score=0.0000, metrics={'converged': False, 'iters': inf, 'combined_score': 0.0, 'formal_valid': False}, artifacts={'lean_file': '/Users/huayun/pythonProject/lean_admm/adaptive_admm/Optlib/Algorithm/AdaptiveADMM/Strategies/generated_prove_080015e3.lean', 'stdout': "Optlib/Algorithm/AdaptiveADMM/Strategies/generated_prove_080015e3.lean:47:27: error(lean.unknownIdentifier): Unknown identifier `mu`\nOptlib/Algorithm/AdaptiveADMM/Strategies/generated_prove_080015e3.lean:47:32: error(lean.unknownIdentifier): Unknown identifier `s_norm_seq`\nOptlib/Algorithm/AdaptiveADMM/Strategies/generated_prove_080015e3.lean:47:52: error(lean.unknownIdentifier): Unknown identifier `r_norm_seq`\nOptlib/Algorithm/AdaptiveADMM/Strategies/generated_prove_080015e3.lean:47:66: error(lean.unknownIdentifier): Unknown identifier `eps`\nOptlib/Algorithm/AdaptiveADMM/Strategies/generated_prove_080015e3.lean:49:33: error(lean.unknownIdentifier): Unknown identifier `r_norm_seq`\nOptlib/Algorithm/AdaptiveADMM/Strategies/generated_prove_080015e3.lean:49:44: error(lean.unknownIdentifier): Unknown identifier `s_norm_seq`\nOptlib/Algorithm/AdaptiveADMM/Strategies/generated_prove_080015e3.lean:49:55: error(lean.unknownIdentifier): Unknown identifier `eps`\nOptlib/Algorithm/AdaptiveADMM/Strategies/generated_prove_080015e3.lean:49:63: error(lean.unknownIdentifier): Unknown identifier `mu`\nOptlib/Algorithm/AdaptiveADMM/Strategies/generated_prove_080015e3.lean:57:25: error: Application type mismatch: The argument\n  r_norm_seq\nhas type\n  ℕ → ℝ\nbut is expected to have type\n  ℕ\nin the application\n  update_fun tau dir r_norm_seq\nOptlib/Algorithm/AdaptiveADMM/Strategies/generated_prove_080015e3.lean:58:25: error: Application type mismatch: The argument\n  r_norm_seq\nhas type\n  ℕ → ℝ\nbut is expected to have type\n  ℕ\nin the application\n  update_fun tau dir r_norm_seq\nOptlib/Algorithm/AdaptiveADMM/Strategies/generated_prove_080015e3.lean:59:25: error: Application type mismatch: The argument\n  r_norm_seq\nhas type\n  ℕ → ℝ\nbut is expected to have type\n  ℕ\nin the application\n  update_fun tau dir r_norm_seq\nOptlib/Algorithm/AdaptiveADMM/Strategies/generated_prove_080015e3.lean:62:2: error: unsolved goals\ncase inl.h\ntau : ℕ → ℝ\ndir : ℕ → ℤ\nr_norm_seq s_norm_seq : ℕ → ℝ\neps mu : ℝ\nh_dir : ∀ (n : ℕ), dir n = 1 ∨ dir n = 0 ∨ dir n = -1\nn : ℕ\nrho : ℝ\nhρ_pos : 0 < rho\nh : dir n = 1\n⊢ sorry () = rho * (1 + tau n * (R_seq r_norm_seq s_norm_seq eps n / mu))\nOptlib/Algorithm/AdaptiveADMM/Strategies/generated_prove_080015e3.lean:63:2: error: unsolved goals\ncase inr.inl.h.h\ntau : ℕ → ℝ\ndir : ℕ → ℤ\nr_norm_seq s_norm_seq : ℕ → ℝ\neps mu : ℝ\nh_dir : ∀ (n : ℕ), dir n = 1 ∨ dir n = 0 ∨ dir n = -1\nn : ℕ\nrho : ℝ\nhρ_pos : 0 < rho\nh : dir n = 0\n⊢ sorry () = rho\nOptlib/Algorithm/AdaptiveADMM/Strategies/generated_prove_080015e3.lean:64:2: error: unsolved goals\ncase inr.inr.h.h\ntau : ℕ → ℝ\ndir : ℕ → ℤ\nr_norm_seq s_norm_seq : ℕ → ℝ\neps mu : ℝ\nh_dir : ∀ (n : ℕ), dir n = 1 ∨ dir n = 0 ∨ dir n = -1\nn : ℕ\nrho : ℝ\nhρ_pos : 0 < rho\nh : dir n = -1\n⊢ sorry () = rho / (1 + tau n * (mu * s_norm_seq n / max (r_norm_seq n) eps))\nOptlib/Algorithm/AdaptiveADMM/Strategies/generated_prove_080015e3.lean:62:16: warning: declaration uses 'sorry'\nOptlib/Algorithm/AdaptiveADMM/Strategies/generated_prove_080015e3.lean:62:16: warning: This simp argument is unused:\n  update_fun\n\nHint: Omit it from the simp argument list.\n  simp [u̵p̵d̵a̵t̵e̵_̵f̵u̵n̵,̵ ̵h]\n\nNote: This linter can be disabled with `set_option linter.unusedSimpArgs false`\nOptlib/Algorithm/AdaptiveADMM/Strategies/generated_prove_080015e3.lean:62:28: warning: This simp argument is unused:\n  h\n\nHint: Omit it from the simp argument list.\n  simp [update_fun,̵ ̵h̵]\n\nNote: This linter can be disabled with `set_option linter.unusedSimpArgs false`\nOptlib/Algorithm/AdaptiveADMM/Strategies/generated_prove_080015e3.lean:63:24: warning: This simp argument is unused:\n  update_fun\n\nHint: Omit it from the simp argument list.\n  simp [u̵p̵d̵a̵t̵e̵_̵f̵u̵n̵,̵ ̵h]\n\nNote: This linter can be disabled with `set_option linter.unusedSimpArgs false`\nOptlib/Algorithm/AdaptiveADMM/Strategies/generated_prove_080015e3.lean:63:36: warning: This simp argument is unused:\n  h\n\nHint: Omit it from the simp argument list.\n  simp [update_fun,̵ ̵h̵]\n\nNote: This linter can be disabled with `set_option linter.unusedSimpArgs false`\nOptlib/Algorithm/AdaptiveADMM/Strategies/generated_prove_080015e3.lean:64:23: warning: This simp argument is unused:\n  update_fun\n\nHint: Omit it from the simp argument list.\n  simp [u̵p̵d̵a̵t̵e̵_̵f̵u̵n̵,̵ ̵h]\n\nNote: This linter can be disabled with `set_option linter.unusedSimpArgs false`\nOptlib/Algorithm/AdaptiveADMM/Strategies/generated_prove_080015e3.lean:64:35: warning: This simp argument is unused:\n  h\n\nHint: Omit it from the simp argument list.\n  simp [update_fun,̵ ̵h̵]\n\nNote: This linter can be disabled with `set_option linter.unusedSimpArgs false`\nOptlib/Algorithm/AdaptiveADMM/Strategies/generated_prove_080015e3.lean:74:98: error: Application type mismatch: The argument\n  r_norm_seq\nhas type\n  ℕ → ℝ\nbut is expected to have type\n  ℕ\nin the application\n  update_fun (tau_seq c p) (dir_seq mu eps r_norm_seq s_norm_seq) r_norm_seq\nOptlib/Algorithm/AdaptiveADMM/Strategies/generated_prove_080015e3.lean:90:39: error: Application type mismatch: The argument\n  r_norm_seq\nhas type\n  ℕ → ℝ\nbut is expected to have type\n  ℕ\nin the application\n  update_fun tau dir r_norm_seq\n", 'stderr': "warning: manifest out of date: git revision of dependency 'mathlib' changed; use `lake update mathlib` to update it\n", 'eval_time': 100.95830798149109}
2026-02-03 19:06:32,087 - openevolve.controller - INFO - Received signal 2, initiating graceful shutdown...
2026-02-03 19:06:32,087 - openevolve.process_parallel - INFO - Graceful shutdown requested...
2026-02-03 19:06:32,090 - openevolve.process_parallel - INFO - Shutdown requested, canceling remaining evaluations...
2026-02-03 19:06:32,090 - openevolve.process_parallel - INFO - ✅ Evolution completed - Shutdown requested
2026-02-03 19:06:32,090 - openevolve.controller - INFO - Evolution stopped due to shutdown request
2026-02-03 19:06:32,556 - openevolve.controller - INFO - Force exit requested - terminating immediately
2026-02-03 19:06:32,993 - openevolve.controller - INFO - Force exit requested - terminating immediately
